-------------------------------------------------------------------------------
Test set: com.cognizant.orm_learn.OrmLearnApplicationTests
-------------------------------------------------------------------------------
Tests run: 1, Failures: 0, Errors: 1, Skipped: 0, Time elapsed: 0.473 s <<< FAILURE! - in com.cognizant.orm_learn.OrmLearnApplicationTests
com.cognizant.orm_learn.OrmLearnApplicationTests  Time elapsed: 0.472 s  <<< ERROR!
java.lang.IllegalStateException: Unable to find a @SpringBootConfiguration, you need to use @ContextConfiguration or @SpringBootTest(classes=...) with your test

